Dataset/Injected_Faults/AnkiDroid/Anki-Android-Defeito-4/AnkiDroid/build/outputs/logs/manifest-merger-debug-report.txt
-- Merging decision tree log ---
manifest
ADDED from src/main/AndroidManifest.xml:21:1-494:12
INJECTED from src/main/AndroidManifest.xml:21:1-494:12
INJECTED from src/main/AndroidManifest.xml:21:1-494:12
INJECTED from src/main/AndroidManifest.xml:21:1-494:12
MERGED from src/main/AndroidManifest.xml:21:1-494:12
MERGED from [:api] AndroidManifest.xml:2:1-18:12
MERGED from [androidx.fragment:fragment-testing:1.2.5] AndroidManifest.xml:17:1-40:12
MERGED from [com.google.android.material:material:1.2.1] AndroidManifest.xml:17:1-24:12
MERGED from [androidx.preference:preference:1.1.1] AndroidManifest.xml:17:1-24:12
MERGED from [com.afollestad.material-dialogs:core:0.9.6.0] AndroidManifest.xml:2:1-15:12
MERGED from [androidx.constraintlayout:constraintlayout:2.0.4] AndroidManifest.xml:2:1-11:12
MERGED from [me.zhanghai.android.materialprogressbar:library:1.4.2] AndroidManifest.xml:6:1-16:12
MERGED from [androidx.appcompat:appcompat:1.2.0] AndroidManifest.xml:17:1-24:12
MERGED from [androidx.browser:browser:1.3.0] AndroidManifest.xml:17:1-24:12
MERGED from [androidx.exifinterface:exifinterface:1.3.2] AndroidManifest.xml:17:1-24:12
MERGED from [androidx.localbroadcastmanager:localbroadcastmanager:1.0.0] AndroidManifest.xml:17:1-22:12
MERGED from [androidx.viewpager2:viewpager2:1.0.0] AndroidManifest.xml:17:1-24:12
MERGED from [androidx.recyclerview:recyclerview:1.1.0] AndroidManifest.xml:17:1-24:12
MERGED from [androidx.sqlite:sqlite-framework:2.1.0] AndroidManifest.xml:17:1-24:12
MERGED from [androidx.swiperefreshlayout:swiperefreshlayout:1.1.0] AndroidManifest.xml:17:1-24:12
MERGED from [com.getbase:floatingactionbutton:1.10.1] AndroidManifest.xml:2:1-14:12
MERGED from [androidx.webkit:webkit:1.4.0] AndroidManifest.xml:17:1-24:12
MERGED from [androidx.test:core:1.2.0] AndroidManifest.xml:17:1-50:12
MERGED from [androidx.cardview:cardview:1.0.0] AndroidManifest.xml:17:1-22:12
MERGED from [androidx.coordinatorlayout:coordinatorlayout:1.1.0] AndroidManifest.xml:17:1-24:12
MERGED from [androidx.transition:transition:1.2.0] AndroidManifest.xml:17:1-24:12
MERGED from [androidx.appcompat:appcompat-resources:1.2.0] AndroidManifest.xml:17:1-24:12
MERGED from [androidx.vectordrawable:vectordrawable-animated:1.1.0] AndroidManifest.xml:17:1-24:12
MERGED from [androidx.vectordrawable:vectordrawable:1.1.0] AndroidManifest.xml:17:1-24:12
MERGED from [androidx.cursoradapter:cursoradapter:1.0.0] AndroidManifest.xml:17:1-22:12
MERGED from [androidx.drawerlayout:drawerlayout:1.0.0] AndroidManifest.xml:17:1-22:12
MERGED from [androidx.fragment:fragment-ktx:1.2.5] AndroidManifest.xml:17:1-24:12
MERGED from [androidx.fragment:fragment:1.2.5] AndroidManifest.xml:17:1-24:12
MERGED from [androidx.viewpager:viewpager:1.0.0] AndroidManifest.xml:17:1-22:12
MERGED from [androidx.customview:customview:1.0.0] AndroidManifest.xml:17:1-22:12
MERGED from [androidx.activity:activity-ktx:1.1.0] AndroidManifest.xml:17:1-24:12
MERGED from [androidx.core:core-ktx:1.1.0] AndroidManifest.xml:2:1-9:12
MERGED from [androidx.loader:loader:1.0.0] AndroidManifest.xml:17:1-22:12
MERGED from [androidx.activity:activity:1.1.0] AndroidManifest.xml:17:1-24:12
MERGED from [androidx.core:core:1.3.1] AndroidManifest.xml:17:1-26:12
MERGED from [androidx.versionedparcelable:versionedparcelable:1.1.0] AndroidManifest.xml:17:1-27:12
MERGED from [androidx.interpolator:interpolator:1.0.0] AndroidManifest.xml:17:1-22:12
MERGED from [androidx.sqlite:sqlite:2.1.0] AndroidManifest.xml:17:1-24:12
MERGED from [ch.acra:acra-http:5.5.1] AndroidManifest.xml:17:1-27:12
MERGED from [ch.acra:acra-dialog:5.5.1] AndroidManifest.xml:17:1-35:12
MERGED from [ch.acra:acra-toast:5.5.1] AndroidManifest.xml:17:1-25:12
MERGED from [ch.acra:acra-limiter:5.5.1] AndroidManifest.xml:17:1-25:12
MERGED from [ch.acra:acra-core:5.5.1] AndroidManifest.xml:17:1-48:12
MERGED from [androidx.lifecycle:lifecycle-viewmodel-ktx:2.2.0] AndroidManifest.xml:17:1-24:12
MERGED from [androidx.lifecycle:lifecycle-viewmodel-savedstate:2.2.0] AndroidManifest.xml:17:1-24:12
MERGED from [androidx.lifecycle:lifecycle-viewmodel:2.2.0] AndroidManifest.xml:17:1-24:12
MERGED from [androidx.lifecycle:lifecycle-runtime-ktx:2.2.0] AndroidManifest.xml:17:1-24:12
MERGED from [androidx.lifecycle:lifecycle-runtime:2.2.0] AndroidManifest.xml:17:1-24:12
MERGED from [androidx.savedstate:savedstate:1.0.0] AndroidManifest.xml:17:1-24:12
MERGED from [androidx.lifecycle:lifecycle-livedata-core-ktx:2.2.0] AndroidManifest.xml:17:1-24:12
MERGED from [androidx.lifecycle:lifecycle-livedata:2.0.0] AndroidManifest.xml:17:1-22:12
MERGED from [androidx.lifecycle:lifecycle-livedata-core:2.2.0] AndroidManifest.xml:17:1-24:12
MERGED from [androidx.arch.core:core-runtime:2.1.0] AndroidManifest.xml:17:1-24:12
MERGED from [io.requery:sqlite-android:3.34.0] AndroidManifest.xml:2:1-8:12
MERGED from [com.arcao:slf4j-timber:3.1] AndroidManifest.xml:2:1-9:12
MERGED from [com.jakewharton.timber:timber:4.7.1] AndroidManifest.xml:2:1-9:12
MERGED from [androidx.test.uiautomator:uiautomator:2.2.0] AndroidManifest.xml:17:1-24:12
MERGED from [androidx.annotation:annotation-experimental:1.0.0] AndroidManifest.xml:17:1-24:12
INJECTED from src/test/AndroidManifest.xml:1:1-16:12
INJECTED from src/test/AndroidManifest.xml:1:1-16:12
INJECTED from src/test/AndroidManifest.xml:1:1-16:12
	package
		ADDED from src/main/AndroidManifest.xml:23:11-35
		INJECTED from src/main/AndroidManifest.xml
		ADDED from src/main/AndroidManifest.xml:23:11-35
		INJECTED from src/test/AndroidManifest.xml
	android:versionName
		INJECTED from src/main/AndroidManifest.xml
		ADDED from src/main/AndroidManifest.xml:21:1-494:12
		INJECTED from src/test/AndroidManifest.xml
	xmlns:tools
		ADDED from src/main/AndroidManifest.xml:22:11-57
	android:versionCode
		INJECTED from src/main/AndroidManifest.xml
		ADDED from src/main/AndroidManifest.xml:21:1-494:12
		INJECTED from src/test/AndroidManifest.xml
	xmlns:android
		ADDED from src/main/AndroidManifest.xml:21:11-69
	android:installLocation
		ADDED from src/main/AndroidManifest.xml:24:11-41
		ADDED from src/main/AndroidManifest.xml:24:11-41
uses-feature#android.hardware.camera
ADDED from src/main/AndroidManifest.xml:26:5-85
	android:required
		ADDED from src/main/AndroidManifest.xml:26:58-82
	android:name
		ADDED from src/main/AndroidManifest.xml:26:19-57
uses-feature#android.hardware.camera.any
ADDED from src/main/AndroidManifest.xml:27:5-89
	android:required
		ADDED from src/main/AndroidManifest.xml:27:62-86
	android:name
		ADDED from src/main/AndroidManifest.xml:27:19-61
uses-feature#android.hardware.audio.output
ADDED from src/main/AndroidManifest.xml:28:5-91
	android:required
		ADDED from src/main/AndroidManifest.xml:28:64-88
	android:name
		ADDED from src/main/AndroidManifest.xml:28:19-63
uses-feature#android.software.app_widgets
ADDED from src/main/AndroidManifest.xml:29:5-90
	android:required
		ADDED from src/main/AndroidManifest.xml:29:63-87
	android:name
		ADDED from src/main/AndroidManifest.xml:29:19-62
uses-feature#android.software.leanback
ADDED from src/main/AndroidManifest.xml:31:5-87
	android:required
		ADDED from src/main/AndroidManifest.xml:31:60-84
	android:name
		ADDED from src/main/AndroidManifest.xml:31:19-59
uses-feature#android.hardware.touchscreen
ADDED from src/main/AndroidManifest.xml:32:5-90
	android:required
		ADDED from src/main/AndroidManifest.xml:32:63-87
	android:name
		ADDED from src/main/AndroidManifest.xml:32:19-62
uses-feature#android.hardware.bluetooth
ADDED from src/main/AndroidManifest.xml:33:5-35:36
	android:required
		ADDED from src/main/AndroidManifest.xml:35:9-33
	android:name
		ADDED from src/main/AndroidManifest.xml:34:9-50
uses-permission#android.permission.WRITE_EXTERNAL_STORAGE
ADDED from src/main/AndroidManifest.xml:37:5-81
	android:name
		ADDED from src/main/AndroidManifest.xml:37:22-78
uses-permission#android.permission.VIBRATE
ADDED from src/main/AndroidManifest.xml:38:5-66
	android:name
		ADDED from src/main/AndroidManifest.xml:38:22-63
uses-permission#android.permission.INTERNET
ADDED from src/main/AndroidManifest.xml:39:5-67
MERGED from [ch.acra:acra-http:5.5.1] AndroidManifest.xml:25:5-67
MERGED from [ch.acra:acra-http:5.5.1] AndroidManifest.xml:25:5-67
	android:name
		ADDED from src/main/AndroidManifest.xml:39:22-64
uses-permission#android.permission.ACCESS_NETWORK_STATE
ADDED from src/main/AndroidManifest.xml:40:5-79
	android:name
		ADDED from src/main/AndroidManifest.xml:40:22-76
uses-permission#android.permission.RECORD_AUDIO
ADDED from src/main/AndroidManifest.xml:41:5-71
	android:name
		ADDED from src/main/AndroidManifest.xml:41:22-68
uses-permission#android.permission.WAKE_LOCK
ADDED from src/main/AndroidManifest.xml:42:5-88
	tools:node
		ADDED from src/main/AndroidManifest.xml:42:66-86
	android:name
		ADDED from src/main/AndroidManifest.xml:42:22-65
uses-permission#android.permission.CAMERA
ADDED from src/main/AndroidManifest.xml:43:5-65
	android:name
		ADDED from src/main/AndroidManifest.xml:43:22-62
uses-permission#android.permission.RECEIVE_BOOT_COMPLETED
ADDED from src/main/AndroidManifest.xml:44:5-81
	android:name
		ADDED from src/main/AndroidManifest.xml:44:22-78
permission#com.ichi2.anki.permission.READ_WRITE_DATABASE
ADDED from src/main/AndroidManifest.xml:45:5-49:19
	android:label
		ADDED from src/main/AndroidManifest.xml:46:17-68
	android:protectionLevel
		ADDED from src/main/AndroidManifest.xml:48:17-52
	android:description
		ADDED from src/main/AndroidManifest.xml:47:17-80
	android:name
		ADDED from src/main/AndroidManifest.xml:45:17-77
uses-permission#android.permission.BLUETOOTH
ADDED from src/main/AndroidManifest.xml:51:5-67
	android:name
		ADDED from src/main/AndroidManifest.xml:51:22-65
uses-permission#android.permission.BLUETOOTH_ADMIN
ADDED from src/main/AndroidManifest.xml:52:5-73
	android:name
		ADDED from src/main/AndroidManifest.xml:52:22-71
uses-permission#android.permission.ACCESS_FINE_LOCATION
ADDED from src/main/AndroidManifest.xml:53:5-78
	android:name
		ADDED from src/main/AndroidManifest.xml:53:22-76
uses-permission#android.permission.ACCESS_WIFI_STATE
ADDED from src/main/AndroidManifest.xml:54:5-75
	android:name
		ADDED from src/main/AndroidManifest.xml:54:22-73
supports-screens
ADDED from src/main/AndroidManifest.xml:56:5-63:11
	android:largeScreens
		ADDED from src/main/AndroidManifest.xml:58:9-36
	android:smallScreens
		ADDED from src/main/AndroidManifest.xml:61:9-36
	android:normalScreens
		ADDED from src/main/AndroidManifest.xml:59:9-37
	android:xlargeScreens
		ADDED from src/main/AndroidManifest.xml:62:9-37
	android:resizeable
		ADDED from src/main/AndroidManifest.xml:60:9-34
	android:anyDensity
		ADDED from src/main/AndroidManifest.xml:57:9-34
application
ADDED from src/main/AndroidManifest.xml:65:5-492:19
MERGED from src/main/AndroidManifest.xml:65:5-492:19
MERGED from src/main/AndroidManifest.xml:65:5-492:19
MERGED from [:api] AndroidManifest.xml:13:5-16:19
MERGED from [:api] AndroidManifest.xml:13:5-16:19
MERGED from [androidx.fragment:fragment-testing:1.2.5] AndroidManifest.xml:27:5-38:19
MERGED from [androidx.fragment:fragment-testing:1.2.5] AndroidManifest.xml:27:5-38:19
MERGED from [com.google.android.material:material:1.2.1] AndroidManifest.xml:22:5-20
MERGED from [com.google.android.material:material:1.2.1] AndroidManifest.xml:22:5-20
MERGED from [com.afollestad.material-dialogs:core:0.9.6.0] AndroidManifest.xml:13:5-20
MERGED from [com.afollestad.material-dialogs:core:0.9.6.0] AndroidManifest.xml:13:5-20
MERGED from [androidx.constraintlayout:constraintlayout:2.0.4] AndroidManifest.xml:9:5-20
MERGED from [androidx.constraintlayout:constraintlayout:2.0.4] AndroidManifest.xml:9:5-20
MERGED from [com.getbase:floatingactionbutton:1.10.1] AndroidManifest.xml:12:5-20
MERGED from [com.getbase:floatingactionbutton:1.10.1] AndroidManifest.xml:12:5-20
MERGED from [androidx.test:core:1.2.0] AndroidManifest.xml:26:5-48:19
MERGED from [androidx.test:core:1.2.0] AndroidManifest.xml:26:5-48:19
MERGED from [androidx.core:core:1.3.1] AndroidManifest.xml:24:5-89
MERGED from [androidx.core:core:1.3.1] AndroidManifest.xml:24:5-89
MERGED from [androidx.versionedparcelable:versionedparcelable:1.1.0] AndroidManifest.xml:24:5-25:19
MERGED from [androidx.versionedparcelable:versionedparcelable:1.1.0] AndroidManifest.xml:24:5-25:19
MERGED from [ch.acra:acra-dialog:5.5.1] AndroidManifest.xml:25:5-33:19
MERGED from [ch.acra:acra-dialog:5.5.1] AndroidManifest.xml:25:5-33:19
MERGED from [ch.acra:acra-core:5.5.1] AndroidManifest.xml:26:5-46:19
MERGED from [ch.acra:acra-core:5.5.1] AndroidManifest.xml:26:5-46:19
MERGED from [com.arcao:slf4j-timber:3.1] AndroidManifest.xml:7:5-20
MERGED from [com.arcao:slf4j-timber:3.1] AndroidManifest.xml:7:5-20
MERGED from [com.jakewharton.timber:timber:4.7.1] AndroidManifest.xml:7:5-20
MERGED from [com.jakewharton.timber:timber:4.7.1] AndroidManifest.xml:7:5-20
MERGED from [androidx.test.uiautomator:uiautomator:2.2.0] AndroidManifest.xml:22:5-20
MERGED from [androidx.test.uiautomator:uiautomator:2.2.0] AndroidManifest.xml:22:5-20
	android:requestLegacyExternalStorage
		ADDED from src/main/AndroidManifest.xml:76:9-52
		ADDED from src/main/AndroidManifest.xml:76:9-52
	android:windowSoftInputMode
		ADDED from src/main/AndroidManifest.xml:71:9-51
		ADDED from src/main/AndroidManifest.xml:71:9-51
	tools:ignore
		ADDED from src/test/AndroidManifest.xml:3:18-69
	android:roundIcon
		ADDED from src/main/AndroidManifest.xml:70:9-54
		ADDED from src/main/AndroidManifest.xml:70:9-54
	android:largeHeap
		ADDED from src/main/AndroidManifest.xml:73:9-33
		ADDED from src/main/AndroidManifest.xml:73:9-33
	android:icon
		ADDED from src/main/AndroidManifest.xml:69:9-43
		ADDED from src/main/AndroidManifest.xml:69:9-43
	android:banner
		ADDED from src/main/AndroidManifest.xml:75:9-45
		ADDED from src/main/AndroidManifest.xml:75:9-45
	android:networkSecurityConfig
		ADDED from src/main/AndroidManifest.xml:74:9-69
		ADDED from src/main/AndroidManifest.xml:74:9-69
	android:appComponentFactory
		ADDED from [androidx.core:core:1.3.1] AndroidManifest.xml:24:18-86
	android:label
		ADDED from src/main/AndroidManifest.xml:67:9-41
		ADDED from src/main/AndroidManifest.xml:67:9-41
	android:resizeableActivity
		ADDED from src/main/AndroidManifest.xml:77:9-42
		ADDED from src/main/AndroidManifest.xml:77:9-42
	android:allowBackup
		ADDED from src/main/AndroidManifest.xml:68:9-35
		ADDED from src/main/AndroidManifest.xml:68:9-35
	android:usesCleartextTraffic
		ADDED from src/main/AndroidManifest.xml:72:9-44
		ADDED from src/main/AndroidManifest.xml:72:9-44
	android:name
		ADDED from src/main/AndroidManifest.xml:66:9-51
		ADDED from src/main/AndroidManifest.xml:66:9-51
activity#com.ichi2.anki.IntentHandler
ADDED from src/main/AndroidManifest.xml:79:9-166:20
	android:label
		ADDED from src/main/AndroidManifest.xml:81:13-45
	android:configChanges
		ADDED from src/main/AndroidManifest.xml:82:13-81
	android:theme
		ADDED from src/main/AndroidManifest.xml:83:13-72
	android:name
		ADDED from src/main/AndroidManifest.xml:80:13-56
intent-filter#action:name:android.intent.action.MAIN+category:name:android.intent.category.LAUNCHER+category:name:android.intent.category.LEANBACK_LAUNCHER+category:name:android.intent.category.MULTIWINDOW_LAUNCHER
ADDED from src/main/AndroidManifest.xml:85:13-90:29
action#android.intent.action.MAIN
ADDED from src/main/AndroidManifest.xml:86:17-69
	android:name
		ADDED from src/main/AndroidManifest.xml:86:25-66
category#android.intent.category.LAUNCHER
ADDED from src/main/AndroidManifest.xml:87:17-77
	android:name
		ADDED from src/main/AndroidManifest.xml:87:27-74
category#android.intent.category.MULTIWINDOW_LAUNCHER
ADDED from src/main/AndroidManifest.xml:88:17-89
	android:name
		ADDED from src/main/AndroidManifest.xml:88:27-86
category#android.intent.category.LEANBACK_LAUNCHER
ADDED from src/main/AndroidManifest.xml:89:17-86
	android:name
		ADDED from src/main/AndroidManifest.xml:89:27-83
intent-filter#action:name:android.intent.action.VIEW+category:name:android.intent.category.BROWSABLE+category:name:android.intent.category.DEFAULT+data:host:*+data:host:*+data:host:*+data:host:*+data:host:*+data:host:*+data:host:*+data:host:*+data:mimeType:*/*+data:mimeType:*/*+data:mimeType:*/*+data:mimeType:*/*+data:mimeType:*/*+data:mimeType:*/*+data:mimeType:*/*+data:mimeType:*/*+data:pathPattern:.*\\.apkg+data:pathPattern:.*\\.apkg+data:pathPattern:.*\\.apkg+data:pathPattern:.*\\.apkg+data:pathPattern:.*\\.colpkg+data:pathPattern:.*\\.colpkg+data:pathPattern:.*\\.colpkg+data:pathPattern:.*\\.colpkg+data:scheme:content+data:scheme:content+data:scheme:file+data:scheme:file+data:scheme:http+data:scheme:http+data:scheme:https+data:scheme:https
ADDED from src/main/AndroidManifest.xml:92:13-147:29
action#android.intent.action.VIEW
ADDED from src/main/AndroidManifest.xml:93:17-69
	android:name
		ADDED from src/main/AndroidManifest.xml:93:25-66
category#android.intent.category.DEFAULT
ADDED from src/main/AndroidManifest.xml:94:17-76
	android:name
		ADDED from src/main/AndroidManifest.xml:94:27-73
category#android.intent.category.BROWSABLE
ADDED from src/main/AndroidManifest.xml:95:17-78
	android:name
		ADDED from src/main/AndroidManifest.xml:95:27-75
data
ADDED from src/main/AndroidManifest.xml:97:17-102:23
	android:host
		ADDED from src/main/AndroidManifest.xml:98:21-37
	android:scheme
		ADDED from src/main/AndroidManifest.xml:101:21-42
	android:pathPattern
		ADDED from src/main/AndroidManifest.xml:100:21-52
	android:mimeType
		ADDED from src/main/AndroidManifest.xml:99:21-43
intent-filter#action:name:android.intent.action.VIEW+category:name:android.intent.category.DEFAULT+data:mimeType:application/apkg+data:mimeType:application/colpkg+data:mimeType:application/octet-stream+data:mimeType:application/vnd.anki+data:mimeType:application/x-apkg+data:mimeType:application/x-colpkg+data:mimeType:application/zip+data:scheme:content+data:scheme:content
ADDED from src/main/AndroidManifest.xml:149:13-159:29
intent-filter#action:name:com.ichi2.anki.DO_SYNC+category:name:android.intent.category.DEFAULT
ADDED from src/main/AndroidManifest.xml:162:13-165:29
action#com.ichi2.anki.DO_SYNC
ADDED from src/main/AndroidManifest.xml:163:17-65
	android:name
		ADDED from src/main/AndroidManifest.xml:163:25-62
activity#com.ichi2.anki.DeckPicker
ADDED from src/main/AndroidManifest.xml:167:9-173:15
	android:label
		ADDED from src/main/AndroidManifest.xml:169:13-45
	android:exported
		ADDED from src/main/AndroidManifest.xml:171:13-37
	android:configChanges
		ADDED from src/main/AndroidManifest.xml:172:13-81
	android:theme
		ADDED from src/main/AndroidManifest.xml:170:13-62
	android:name
		ADDED from src/main/AndroidManifest.xml:168:13-53
activity#com.ichi2.anki.StudyOptionsActivity
ADDED from src/main/AndroidManifest.xml:174:9-186:20
	android:parentActivityName
		ADDED from src/main/AndroidManifest.xml:179:13-53
	android:label
		ADDED from src/main/AndroidManifest.xml:176:13-41
	android:exported
		ADDED from src/main/AndroidManifest.xml:177:13-37
	android:configChanges
		ADDED from src/main/AndroidManifest.xml:178:13-81
	android:name
		ADDED from src/main/AndroidManifest.xml:175:13-63
meta-data#android.support.PARENT_ACTIVITY
ADDED from src/main/AndroidManifest.xml:182:13-185:19
	android:value
		ADDED from src/main/AndroidManifest.xml:184:17-58
	android:name
		ADDED from src/main/AndroidManifest.xml:183:17-63
activity-alias#com.ichi2.anki.CardBrowserContextMenuAction
ADDED from src/main/AndroidManifest.xml:190:9-200:26
	android:enabled
		ADDED from src/main/AndroidManifest.xml:193:13-36
	android:label
		ADDED from src/main/AndroidManifest.xml:192:13-62
	android:targetActivity
		ADDED from src/main/AndroidManifest.xml:194:13-64
	android:name
		ADDED from src/main/AndroidManifest.xml:191:13-71
intent-filter#action:name:android.intent.action.PROCESS_TEXT+category:name:android.intent.category.DEFAULT+data:mimeType:text/plain
ADDED from src/main/AndroidManifest.xml:195:13-199:29
action#android.intent.action.PROCESS_TEXT
ADDED from src/main/AndroidManifest.xml:196:17-77
	android:name
		ADDED from src/main/AndroidManifest.xml:196:25-74
activity#com.ichi2.anki.CardBrowser
ADDED from src/main/AndroidManifest.xml:201:9-213:20
	android:parentActivityName
		ADDED from src/main/AndroidManifest.xml:206:13-53
	android:label
		ADDED from src/main/AndroidManifest.xml:203:13-49
	android:exported
		ADDED from src/main/AndroidManifest.xml:204:13-36
	android:configChanges
		ADDED from src/main/AndroidManifest.xml:205:13-81
	android:name
		ADDED from src/main/AndroidManifest.xml:202:13-54
activity#com.ichi2.anki.ModelBrowser
ADDED from src/main/AndroidManifest.xml:214:9-219:15
	android:label
		ADDED from src/main/AndroidManifest.xml:216:13-56
	android:exported
		ADDED from src/main/AndroidManifest.xml:217:13-37
	android:configChanges
		ADDED from src/main/AndroidManifest.xml:218:13-81
	android:name
		ADDED from src/main/AndroidManifest.xml:215:13-41
activity#com.ichi2.anki.ModelFieldEditor
ADDED from src/main/AndroidManifest.xml:220:9-224:15
	android:label
		ADDED from src/main/AndroidManifest.xml:222:13-55
	android:configChanges
		ADDED from src/main/AndroidManifest.xml:223:13-81
	android:name
		ADDED from src/main/AndroidManifest.xml:221:13-45
activity#com.ichi2.anki.Reviewer
ADDED from src/main/AndroidManifest.xml:225:9-240:20
	android:parentActivityName
		ADDED from src/main/AndroidManifest.xml:230:13-53
	android:windowSoftInputMode
		ADDED from src/main/AndroidManifest.xml:229:13-55
	android:exported
		ADDED from src/main/AndroidManifest.xml:227:13-36
	android:configChanges
		ADDED from src/main/AndroidManifest.xml:228:13-81
	android:name
		ADDED from src/main/AndroidManifest.xml:226:13-51
intent-filter#action:name:android.intent.action.VIEW+category:name:android.intent.category.DEFAULT
ADDED from src/main/AndroidManifest.xml:236:13-239:29
activity#com.ichi2.anki.VideoPlayer
ADDED from src/main/AndroidManifest.xml:241:9-246:15
	android:exported
		ADDED from src/main/AndroidManifest.xml:243:13-37
	android:configChanges
		ADDED from src/main/AndroidManifest.xml:244:13-81
	android:theme
		ADDED from src/main/AndroidManifest.xml:245:13-71
	android:name
		ADDED from src/main/AndroidManifest.xml:242:13-54
activity#com.ichi2.anki.MyAccount
ADDED from src/main/AndroidManifest.xml:247:9-252:15
	android:label
		ADDED from src/main/AndroidManifest.xml:249:13-52
	android:exported
		ADDED from src/main/AndroidManifest.xml:250:13-37
	android:configChanges
		ADDED from src/main/AndroidManifest.xml:251:13-81
	android:name
		ADDED from src/main/AndroidManifest.xml:248:13-52
activity#com.ichi2.anki.Preferences
ADDED from src/main/AndroidManifest.xml:253:9-263:20
	android:label
		ADDED from src/main/AndroidManifest.xml:255:13-54
	android:exported
		ADDED from src/main/AndroidManifest.xml:256:13-37
	android:configChanges
		ADDED from src/main/AndroidManifest.xml:257:13-81
	android:theme
		ADDED from src/main/AndroidManifest.xml:258:13-56
	android:name
		ADDED from src/main/AndroidManifest.xml:254:13-54
intent-filter#category:name:android.intent.category.MONKEY
ADDED from src/main/AndroidManifest.xml:260:13-262:29
category#android.intent.category.MONKEY
ADDED from src/main/AndroidManifest.xml:261:17-75
	android:name
		ADDED from src/main/AndroidManifest.xml:261:27-72
activity#com.ichi2.anki.DeckOptions
ADDED from src/main/AndroidManifest.xml:264:9-270:15
	android:label
		ADDED from src/main/AndroidManifest.xml:266:13-58
	android:exported
		ADDED from src/main/AndroidManifest.xml:267:13-37
	android:configChanges
		ADDED from src/main/AndroidManifest.xml:268:13-81
	android:theme
		ADDED from src/main/AndroidManifest.xml:269:13-56
	android:name
		ADDED from src/main/AndroidManifest.xml:265:13-54
activity#com.ichi2.anki.FilteredDeckOptions
ADDED from src/main/AndroidManifest.xml:271:9-277:15
	android:label
		ADDED from src/main/AndroidManifest.xml:273:13-58
	android:exported
		ADDED from src/main/AndroidManifest.xml:274:13-37
	android:configChanges
		ADDED from src/main/AndroidManifest.xml:275:13-81
	android:theme
		ADDED from src/main/AndroidManifest.xml:276:13-56
	android:name
		ADDED from src/main/AndroidManifest.xml:272:13-48
activity#com.ichi2.anki.Info
ADDED from src/main/AndroidManifest.xml:278:9-283:15
	android:label
		ADDED from src/main/AndroidManifest.xml:280:13-48
	android:exported
		ADDED from src/main/AndroidManifest.xml:281:13-37
	android:configChanges
		ADDED from src/main/AndroidManifest.xml:282:13-43
	android:name
		ADDED from src/main/AndroidManifest.xml:279:13-47
activity-alias#com.ichi2.anki.AnkiCardContextMenuAction
ADDED from src/main/AndroidManifest.xml:285:9-295:26
	android:enabled
		ADDED from src/main/AndroidManifest.xml:288:13-35
	android:label
		ADDED from src/main/AndroidManifest.xml:287:13-65
	android:targetActivity
		ADDED from src/main/AndroidManifest.xml:289:13-49
	android:name
		ADDED from src/main/AndroidManifest.xml:286:13-68
activity#com.ichi2.anki.NoteEditor
ADDED from src/main/AndroidManifest.xml:296:9-311:20
	android:label
		ADDED from src/main/AndroidManifest.xml:298:13-60
	android:exported
		ADDED from src/main/AndroidManifest.xml:299:13-36
	android:configChanges
		ADDED from src/main/AndroidManifest.xml:300:13-81
	android:name
		ADDED from src/main/AndroidManifest.xml:297:13-53
intent-filter#action:name:org.openintents.action.CREATE_FLASHCARD+category:name:android.intent.category.DEFAULT
ADDED from src/main/AndroidManifest.xml:302:13-305:29
action#org.openintents.action.CREATE_FLASHCARD
ADDED from src/main/AndroidManifest.xml:303:17-82
	android:name
		ADDED from src/main/AndroidManifest.xml:303:25-79
intent-filter#action:name:android.intent.action.SEND+category:name:android.intent.category.DEFAULT+data:mimeType:text/plain
ADDED from src/main/AndroidManifest.xml:306:13-310:29
action#android.intent.action.SEND
ADDED from src/main/AndroidManifest.xml:307:17-69
	android:name
		ADDED from src/main/AndroidManifest.xml:307:25-66
activity#com.ichi2.anki.analytics.AnkiDroidCrashReportDialog
ADDED from src/main/AndroidManifest.xml:312:9-319:15
	android:process
		ADDED from src/main/AndroidManifest.xml:315:13-36
	android:excludeFromRecents
		ADDED from src/main/AndroidManifest.xml:317:13-46
	android:launchMode
		ADDED from src/main/AndroidManifest.xml:316:13-48
	android:theme
		ADDED from src/main/AndroidManifest.xml:314:13-59
	android:finishOnTaskLaunch
		ADDED from src/main/AndroidManifest.xml:318:13-46
	android:name
		ADDED from src/main/AndroidManifest.xml:313:13-79
activity#com.ichi2.anki.Statistics
ADDED from src/main/AndroidManifest.xml:320:9-331:20
	android:parentActivityName
		ADDED from src/main/AndroidManifest.xml:324:13-53
	android:exported
		ADDED from src/main/AndroidManifest.xml:322:13-37
	android:configChanges
		ADDED from src/main/AndroidManifest.xml:323:13-81
	android:name
		ADDED from src/main/AndroidManifest.xml:321:13-53
activity#com.ichi2.anki.Previewer
ADDED from src/main/AndroidManifest.xml:332:9-337:15
	android:label
		ADDED from src/main/AndroidManifest.xml:334:13-50
	android:exported
		ADDED from src/main/AndroidManifest.xml:335:13-37
	android:configChanges
		ADDED from src/main/AndroidManifest.xml:336:13-43
	android:name
		ADDED from src/main/AndroidManifest.xml:333:13-52
activity#com.ichi2.anki.CardTemplatePreviewer
ADDED from src/main/AndroidManifest.xml:338:9-343:15
	android:label
		ADDED from src/main/AndroidManifest.xml:340:13-50
	android:exported
		ADDED from src/main/AndroidManifest.xml:341:13-37
	android:configChanges
		ADDED from src/main/AndroidManifest.xml:342:13-43
	android:name
		ADDED from src/main/AndroidManifest.xml:339:13-64
receiver#com.ichi2.widget.AnkiDroidWidgetSmall
ADDED from src/main/AndroidManifest.xml:346:9-358:20
	android:label
		ADDED from src/main/AndroidManifest.xml:348:13-49
	android:name
		ADDED from src/main/AndroidManifest.xml:347:13-65
intent-filter#action:name:android.appwidget.action.APPWIDGET_UPDATE
ADDED from src/main/AndroidManifest.xml:350:13-352:29
action#android.appwidget.action.APPWIDGET_UPDATE
ADDED from src/main/AndroidManifest.xml:351:17-84
	android:name
		ADDED from src/main/AndroidManifest.xml:351:25-81
meta-data#android.appwidget.provider
ADDED from src/main/AndroidManifest.xml:354:13-357:19
	android:resource
		ADDED from src/main/AndroidManifest.xml:356:17-62
	android:name
		ADDED from src/main/AndroidManifest.xml:355:17-58
receiver#com.ichi2.widget.AddNoteWidget
ADDED from src/main/AndroidManifest.xml:361:9-372:20
	android:label
		ADDED from src/main/AndroidManifest.xml:363:13-50
	android:name
		ADDED from src/main/AndroidManifest.xml:362:13-58
service#com.ichi2.widget.AnkiDroidWidgetSmall$UpdateService
ADDED from src/main/AndroidManifest.xml:375:9-87
	android:name
		ADDED from src/main/AndroidManifest.xml:375:18-84
receiver#com.ichi2.anki.receiver.SdCardReceiver
ADDED from src/main/AndroidManifest.xml:377:9-392:20
	android:enabled
		ADDED from src/main/AndroidManifest.xml:379:13-35
	android:exported
		ADDED from src/main/AndroidManifest.xml:380:13-36
	android:name
		ADDED from src/main/AndroidManifest.xml:378:13-66
intent-filter#action:name:android.intent.action.MEDIA_MOUNTED+data:scheme:file
ADDED from src/main/AndroidManifest.xml:382:13-386:29
action#android.intent.action.MEDIA_MOUNTED
ADDED from src/main/AndroidManifest.xml:383:17-78
	android:name
		ADDED from src/main/AndroidManifest.xml:383:25-75
intent-filter#action:name:android.intent.action.MEDIA_EJECT+data:scheme:file
ADDED from src/main/AndroidManifest.xml:387:13-391:29
action#android.intent.action.MEDIA_EJECT
ADDED from src/main/AndroidManifest.xml:388:17-76
	android:name
		ADDED from src/main/AndroidManifest.xml:388:25-73
receiver#com.ichi2.anki.services.NotificationService
ADDED from src/main/AndroidManifest.xml:394:9-397:15
	android:enabled
		ADDED from src/main/AndroidManifest.xml:395:13-35
	android:exported
		ADDED from src/main/AndroidManifest.xml:396:13-37
	android:name
		ADDED from src/main/AndroidManifest.xml:394:19-63
receiver#com.ichi2.anki.services.ReminderService